app/proguard-rules.pro
# Add project specific ProGuard rules here.
# You can control the set of applied configuration files using the
# proguardFiles setting in build.gradle.
#
# For more details, see
#   http://developer.android.com/guide/developing/tools/proguard.html

# If your project uses WebView with JS, uncomment the following
# and specify the fully qualified class name to the JavaScript interface
# class:
#-keepclassmembers class fqcn.of.javascript.interface.for.webview {
#   public *;
#}

# Uncomment this to preserve the line number information for
# debugging stack traces.
#-keepattributes SourceFile,LineNumberTable

# If you keep the line number information, uncomment this to
# hide the original source file name.
#-renamesourcefileattribute SourceFile

#-dontshrink

#指定代码的压缩级别
-optimizationpasses 5
#包名不混合大小写
-dontusemixedcaseclassnames
#不去忽略非公共的库类
-dontskipnonpubliclibraryclasses
#优化  不优化输入的类文件
-dontoptimize
#不做预校验
-dontpreverify

#混淆时是否记录日志
-verbose

# 混淆时所采用的算法
-optimizations !code/simplification/arithmetic,!field/*,!class/merging/*

#保护注解
-keepattributes *Annotation*

#忽略警告
-ignorewarnings
#apk 包内所有 class 的内部结构
-dump class_files.txt
#未混淆的类和成员
-printseeds seeds.txt
#列出从 apk 中删除的代码
-printusage unused.txt
#混淆前后的映射
-printmapping mapping.txt

########记录生成的日志数据，gradle build时 在本项目根目录输出-end######

#####混淆保护自己项目的部分代码以及引用的第三方jar包library#######

#如果不想混淆 keep 掉,app下面所有的源代码
-keep class com.can.funspart.** {*; }

#如果引用了v4或者v7包
-dontwarn android.support.**

#保持 native 方法不被混淆
-keepclasseswithmembernames class * {
    native <methods>;
}

#保持自定义控件类不被混淆
-keepclasseswithmembers class * {
    public <init>(android.content.Context, android.util.AttributeSet);
}

#保持 Parcelable 不被混淆
-keep class * implements android.os.Parcelable {
    public static final android.os.Parcelable$Creator *;
}

#保持 Serializable 不被混淆
-keepnames class * implements java.io.Serializable

#保持 Serializable 不被混淆并且enum 类也不被混淆
-keepclassmembers class * implements java.io.Serializable {
    static final long serialVersionUID;
    private static final java.io.ObjectStreamField[] serialPersistentFields;
    !static !transient <fields>;
    !private <fields>;
    !private <methods>;
    private void writeObject(java.io.ObjectOutputStream);
    private void readObject(java.io.ObjectInputStream);
    java.lang.Object writeReplace();
    java.lang.Object readResolve();
}
#保持枚举 enum 类不被混淆 如果混淆报错，建议直接使用上面的 -keepclassmembers class * implements java.io.Serializable即可
#-keepclassmembers enum * {
#  public static **[] values();
#  public static ** valueOf(java.lang.String);
#}

#不混淆资源类
#                		-keepclassmembers class **.R$* {
#                		    public static <fields>;
#                		}

# GreenDao
#-keep public class com.share.jack.greendao.** {
#   *;
#}
# HttpLibrary
#-keep public class cn.share.jack.cyghttp.** {
#   *;
#}

#-keep public class com.dueeeke.videoplayer.** {
#   *;
#}
#-keep public class com.jack.mc.cyg.cygptr.** {
#   *;
#}
#-keep public class cn.share.jack.cygwidget {
#   *;
#}

#不混淆某个包所有的类
-keep class tv.danmaku.ijk.media.player.** {
   *;
}

##解决java.lang.InternalError
#项目中引用了 compile 'io.reactivex:rxjava:1.1.3' 混淆之后，运行崩溃
-keepclassmembers class rx.internal.util.unsafe.*ArrayQueue*Field* {
    long producerIndex;
    long consumerIndex;
}
-keepclassmembers class rx.internal.util.unsafe.BaseLinkedQueueProducerNodeRef {
    rx.internal.util.atomic.LinkedQueueNode producerNode;
}
-keepclassmembers class rx.internal.util.unsafe.BaseLinkedQueueConsumerNodeRef {
    rx.internal.util.atomic.LinkedQueueNode consumerNode;
}

##################fresco库不混淆################
#fresco
-keep class com.facebook.** {*;}
-dontwarn okio.**
-dontwarn com.squareup.okhttp.**
-dontwarn okhttp3.**
-dontwarn javax.annotation.**
-dontwarn com.android.volley.toolbox.**
-dontwarn com.facebook.**
-keep,allowobfuscation @interface com.facebook.common.internal.DoNotStrip

# Do not strip any method/class that is annotated with @DoNotStrip
-keep @com.facebook.common.internal.DoNotStrip class *
-keepclassmembers class * {
    @com.facebook.common.internal.DoNotStrip *;
}
# Works around a bug in the animated GIF module which will be fixed in 0.12.0
-keep class com.facebook.imagepipeline.animated.factory.AnimatedFactoryImpl {
    public AnimatedFactoryImpl(com.facebook.imagepipeline.bitmaps.PlatformBitmapFactory,com.facebook.imagepipeline.core.ExecutorSupplier);
}