app/seeds.txt
com.can.funspart.viewimpl.film.FilmMainPageFragment$3: com.can.funspart.viewimpl.film.FilmMainPageFragment this$0
com.can.funspart.okhttp.helper.ProgressHelper: ProgressHelper()
com.can.funspart.R$id: int media_actions
com.can.funspart.view.NumberProgressBar: java.lang.String INSTANCE_UNREACHED_BAR_HEIGHT
com.can.funspart.R$drawable: int btn_video_next_selector
com.can.funspart.adapter.AndroidCategoryAdapter$FooterViewHolder_ViewBinder: butterknife.Unbinder bind(butterknife.internal.Finder,java.lang.Object,java.lang.Object)
com.can.funspart.utils.ScreenUtils: int getScreenHeight(android.content.Context)
com.can.funspart.R$attr: int contentInsetEnd
com.can.funspart.R$string: int abc_toolbar_collapse_description
com.can.funspart.R$id: int fitXY
com.can.funspart.viewimpl.film.FilmMainPageFragment$4
com.can.funspart.viewimpl.MainActivity_ViewBinder: butterknife.Unbinder bind(butterknife.internal.Finder,java.lang.Object,java.lang.Object)
com.can.funspart.R$string: int abc_activitychooserview_choose_application
com.can.funspart.R$styleable: int CardView_contentPadding
com.can.funspart.R$attr: int windowFixedHeightMinor
com.can.funspart.R$attr: int panelMenuListTheme
com.can.funspart.R$style: int TextAppearance_StatusBar_EventContent_Title
com.can.funspart.R$attr: int srcCompat
com.can.funspart.bean.news.NewsSummary: java.lang.String ename
com.can.funspart.bean.book.CategoryListDetail$DataBean$DatasBean: java.util.List tags
com.can.funspart.viewimpl.film.FilmFragment: FilmFragment()
com.can.funspart.R$style: int TextAppearance_Design_Hint
com.can.funspart.R$attr: int textAppearanceListItem
com.can.funspart.view.VerticalViewPager: int mLeftPageBounds
com.can.funspart.R$styleable: int AppCompatTheme_alertDialogButtonGroupStyle
com.can.funspart.R$styleable: int FloatingActionButton_elevation
com.can.funspart.R$color: int switch_thumb_disabled_material_light
com.can.funspart.R$color: int switch_thumb_normal_material_light
com.can.funspart.viewimpl.film.video.player.SystemVideoActivity: boolean onKeyDown(int,android.view.KeyEvent)
com.can.funspart.R$id: int centerInside
com.can.funspart.viewimpl.book.BookFragment: com.can.funspart.viewimpl.book.BookFragment newInstance()
com.can.funspart.R$style: int Base_Widget_AppCompat_PopupWindow
com.can.funspart.bean.home.ThemeColor: boolean isChosen
com.can.funspart.adapter.BookViewpagerAdapter: android.support.v4.app.Fragment getItem(int)
com.can.funspart.bean.film.FilmMediaItem: java.lang.String hightUrl
com.can.funspart.adapter.MainAdapter$MainViewHolder_ViewBinding: com.can.funspart.adapter.MainAdapter$MainViewHolder target
com.can.funspart.view.NumberProgressBar
com.can.funspart.viewimpl.news.NewsContentFragment: void onRefresh()
com.can.funspart.base.EasyRecyclerViewAdapter: com.can.funspart.base.EasyRecyclerViewAdapter$OnItemLongClickListener mItemLongClickListener
com.can.funspart.viewimpl.film.FilmMainPageFragment
com.can.funspart.viewimpl.MainActivity: android.support.v7.widget.Toolbar toolbar
com.can.funspart.R$styleable: int CardView_android_minWidth
com.can.funspart.R$color: int switch_thumb_material_dark
com.can.funspart.R$id: int homeAsUp
com.can.funspart.R$dimen: int design_fab_size_normal
com.can.funspart.viewimpl.film.video.player.SystemVideoActivity: int currentVoice
com.can.funspart.bean.book.CategoryListDetail$DataBean$DatasBean: void setFresh(boolean)
com.can.funspart.bean.book.AndroidCategory$DataBean: int getCourseId()
com.can.funspart.R$layout: int cube_ptr_classic_default_header
com.can.funspart.R$dimen: int abc_panel_menu_list_width
com.can.funspart.R$style: int Base_Animation_AppCompat_DropDownUp
com.can.funspart.R$dimen: int abc_progress_bar_height_material
com.can.funspart.R$color: int background_material_dark
com.can.funspart.R$styleable: int CoordinatorLayout_statusBarBackground
com.can.funspart.R$color: int dim_foreground_material_light
com.can.funspart.viewimpl.film.video.player.SystemVideoActivity: void setBrightness(float)
...
com.facebook.imagepipeline.producers.PostprocessorProducer$PostprocessorConsumer: com.facebook.common.references.CloseableReference mSourceImageRef
com.facebook.common.executors.UiThreadImmediateExecutorService: com.facebook.common.executors.UiThreadImmediateExecutorService sInstance
de.hdodenhof.circleimageview.CircleImageView: void setBorderColor(int)
android.support.design.R$attr: int alertDialogStyle
com.dueeeke.videoplayer.R$drawable: int abc_ic_ab_back_material
android.support.v4.widget.SwipeRefreshLayout: void setProgressBackgroundColor(int)
com.dueeeke.videoplayer.R$id: int back
com.facebook.imagepipeline.producers.MultiplexProducer$Multiplexer: boolean addNewConsumer(com.facebook.imagepipeline.producers.Consumer,com.facebook.imagepipeline.producers.ProducerContext)
com.facebook.drawee.generic.GenericDraweeHierarchy: android.graphics.drawable.Drawable buildActualImageBranch(android.graphics.drawable.Drawable,com.facebook.drawee.drawable.ScalingUtils$ScaleType,android.graphics.PointF,android.graphics.ColorFilter)
rx.internal.schedulers.ScheduledAction$Remover: ScheduledAction$Remover(rx.internal.schedulers.ScheduledAction,rx.subscriptions.CompositeSubscription)
com.facebook.drawee.view.DraweeView: com.facebook.drawee.interfaces.DraweeHierarchy getHierarchy()
android.support.design.R$styleable: int AppCompatTheme_textAppearanceListItemSmall
android.support.v7.appcompat.R$id: int src_atop
com.facebook.cache.common.WriterCallback
com.dueeeke.videoplayer.R$id: int wrap_content
android.support.design.R$style: int Widget_AppCompat_Light_PopupMenu
android.support.v7.appcompat.R$style: int Base_V21_Theme_AppCompat_Dialog
android.support.design.widget.CollapsingToolbarLayout: void setScrimVisibleHeightTrigger(int)
tv.danmaku.ijk.media.player.MediaPlayerProxy$4: MediaPlayerProxy$4(tv.danmaku.ijk.media.player.MediaPlayerProxy,tv.danmaku.ijk.media.player.IMediaPlayer$OnSeekCompleteListener)
android.support.v7.appcompat.R$styleable: int ViewStubCompat_android_layout
android.support.v7.widget.RecyclerView$ViewHolder: java.util.List getUnmodifiedPayloads()
com.facebook.common.webp.WebpBitmapFactory: android.graphics.Bitmap decodeStream(java.io.InputStream,android.graphics.Rect,android.graphics.BitmapFactory$Options)
com.facebook.imagepipeline.producers.QualifiedResourceFetchProducer: java.lang.String PRODUCER_NAME
android.support.v7.appcompat.R$id: int always
android.support.design.R$styleable: int Toolbar_subtitleTextColor
com.facebook.imagepipeline.cache.CountingMemoryCache: long mLastCacheParamsCheck
com.facebook.cache.common.MultiCacheKey: java.lang.String getUriString()
android.support.v7.widget.ActionBarContainer: void setSplitBackground(android.graphics.drawable.Drawable)
com.facebook.imagepipeline.image.EncodedImage: void setWidth(int)
android.support.design.R$styleable: int CoordinatorLayout_Layout_layout_anchor
com.facebook.imagepipeline.cache.BufferedDiskCache: bolts.Task getAsync(com.facebook.cache.common.CacheKey,java.util.concurrent.atomic.AtomicBoolean)
com.facebook.imagepipeline.core.ImagePipelineConfig$Builder: com.facebook.imagepipeline.decoder.ProgressiveJpegConfig access$1800(com.facebook.imagepipeline.core.ImagePipelineConfig$Builder)
android.support.v4.widget.SlidingPaneLayout: void setPanelSlideListener(android.support.v4.widget.SlidingPaneLayout$PanelSlideListener)
com.jack.mc.cyg.cygptr.loadmore.GridViewWithHeaderAndFooter: void setOnItemLongClickListener(android.widget.AdapterView$OnItemLongClickListener)
tv.danmaku.ijk.media.player.IjkMediaPlayer$DefaultMediaCodecSelector
com.facebook.cache.disk.DiskStorageCache$CacheStats: long mCount
com.facebook.imagepipeline.core.ImagePipelineConfig: com.facebook.common.memory.MemoryTrimmableRegistry mMemoryTrimmableRegistry
butterknife.OnTextChanged$Callback: butterknife.OnTextChanged$Callback AFTER_TEXT_CHANGED
android.support.design.R$styleable: int SearchView_android_focusable
com.facebook.cache.disk.DefaultDiskStorage$IncompleteFileException: long expected