app/mapping.txt
# compiler: R8
# compiler_version: 1.4.94
# min_api: 15
com.can.funspart.Presenter.-$$Lambda$FilmPresenter$V1m94a22Pny5AN581ex6vE2Oy-k -> com.can.funspart.Presenter.a:
    com.can.funspart.Presenter.FilmPresenter f$0 -> a
    com.can.funspart.viewinterface.film.IGetFilmRankingView f$1 -> b
    boolean f$2 -> c
com.can.funspart.Presenter.-$$Lambda$FilmPresenter$bcEx9y-i_SF2FQraEkh2v2OVqEU -> com.can.funspart.Presenter.b:
    com.can.funspart.Presenter.FilmPresenter f$0 -> a
    com.can.funspart.viewinterface.film.IGetFilmLiveView f$1 -> b
com.can.funspart.Presenter.-$$Lambda$FilmPresenter$tws3ptWfWQYvu2eUqKYNJI48EjY -> com.can.funspart.Presenter.c:
    com.can.funspart.Presenter.FilmPresenter f$0 -> a
com.can.funspart.Presenter.-$$Lambda$NewsPresenter$B8qaIWBMv4jda8YM8e91_TSAcyA -> com.can.funspart.Presenter.d:
    com.can.funspart.Presenter.NewsPresenter f$0 -> a
com.can.funspart.Presenter.-$$Lambda$NewsPresenter$wam4WPVzNmY6O-zkSDkYYtT_oXE -> com.can.funspart.Presenter.e:
    com.can.funspart.Presenter.NewsPresenter f$0 -> a
    com.can.funspart.viewinterface.news.IGetNewsByTypeView f$1 -> b
    boolean f$2 -> c
com.can.funspart.Presenter.-$$Lambda$WanAndroidPresenter$Q4EoUZPqRjUHWnvkmG9yUnRU1_s -> com.can.funspart.Presenter.f:
    com.can.funspart.Presenter.WanAndroidPresenter f$0 -> a
com.can.funspart.Presenter.-$$Lambda$WanAndroidPresenter$hunpuY4L7T-UyFbw_MpaPz0RdBM -> com.can.funspart.Presenter.g:
    com.can.funspart.Presenter.WanAndroidPresenter f$0 -> a
    com.can.funspart.viewinterface.film.IGetCategoryListView f$1 -> b
    boolean f$2 -> c
com.can.funspart.Presenter.FilmPresenter -> com.can.funspart.Presenter.FilmPresenter:
    void lambda$getFilmLive$0(com.can.funspart.viewinterface.film.IGetFilmLiveView,com.can.funspart.bean.film.FilmsResponse) -> a
    void lambda$getFilmRanking$1(com.can.funspart.viewinterface.film.IGetFilmRankingView,boolean,com.can.funspart.bean.film.FilmsResponse) -> a
    void lambda$tws3ptWfWQYvu2eUqKYNJI48EjY(com.can.funspart.Presenter.FilmPresenter,java.lang.Throwable) -> a
com.can.funspart.Presenter.NewsPresenter -> com.can.funspart.Presenter.NewsPresenter:
    void lambda$B8qaIWBMv4jda8YM8e91_TSAcyA(com.can.funspart.Presenter.NewsPresenter,java.lang.Throwable) -> a
    void lambda$getNewsListByType$0(com.can.funspart.viewinterface.news.IGetNewsByTypeView,boolean,java.util.Map) -> a
com.can.funspart.Presenter.WanAndroidPresenter -> com.can.funspart.Presenter.WanAndroidPresenter:
    void lambda$Q4EoUZPqRjUHWnvkmG9yUnRU1_s(com.can.funspart.Presenter.WanAndroidPresenter,java.lang.Throwable) -> a
    void lambda$getAndroidCategoryList$0(com.can.funspart.viewinterface.film.IGetCategoryListView,boolean,com.can.funspart.bean.book.CategoryListDetail) -> a
com.can.funspart.api.-$$Lambda$ApiRetrofit$1VwyZ2QK4pt2DWznQQ0wAQtM8wI -> com.can.funspart.api.a:
    com.can.funspart.api.-$$Lambda$ApiRetrofit$1VwyZ2QK4pt2DWznQQ0wAQtM8wI INSTANCE -> a
com.can.funspart.api.ApiRetrofit -> com.can.funspart.api.ApiRetrofit:
    okhttp3.Response lambda$new$0(okhttp3.Interceptor$Chain) -> a
...
android.support.v4.view.accessibility.AccessibilityNodeInfoCompatJellyBean -> android.support.v4.view.a.h:
    int getMovementGranularities(java.lang.Object) -> a
    void setAccesibilityFocused(java.lang.Object,boolean) -> a
    void setMovementGranularities(java.lang.Object,int) -> a
    boolean isAccessibilityFocused(java.lang.Object) -> b
    void setVisibleToUser(java.lang.Object,boolean) -> b
    boolean isVisibleToUser(java.lang.Object) -> c
android.support.v4.view.accessibility.AccessibilityNodeInfoCompatJellybeanMr1 -> android.support.v4.view.a.i:
    void setLabelFor(java.lang.Object,android.view.View) -> a
android.support.v4.view.accessibility.AccessibilityNodeInfoCompatJellybeanMr2 -> android.support.v4.view.a.j:
    java.lang.String getViewIdResourceName(java.lang.Object) -> a
android.support.v4.view.accessibility.AccessibilityNodeInfoCompatKitKat -> android.support.v4.view.a.k:
    java.lang.Object obtainCollectionInfo(int,int,boolean,int) -> a
    java.lang.Object obtainCollectionItemInfo(int,int,int,int,boolean) -> a
    void setCollectionInfo(java.lang.Object,java.lang.Object) -> a
    void setContentInvalid(java.lang.Object,boolean) -> a
    void setCollectionItemInfo(java.lang.Object,java.lang.Object) -> b
android.support.v4.view.accessibility.AccessibilityNodeProviderCompat -> android.support.v4.view.a.l:
    java.lang.Object mProvider -> b
    android.support.v4.view.accessibility.AccessibilityNodeProviderCompat$AccessibilityNodeProviderImpl IMPL -> a
    java.lang.Object getProvider() -> a
android.support.v4.view.accessibility.AccessibilityNodeProviderCompat$AccessibilityNodeProviderImpl -> android.support.v4.view.a.l$a:
android.support.v4.view.accessibility.AccessibilityNodeProviderCompat$AccessibilityNodeProviderJellyBeanImpl -> android.support.v4.view.a.l$b:
android.support.v4.view.accessibility.AccessibilityNodeProviderCompat$AccessibilityNodeProviderKitKatImpl -> android.support.v4.view.a.l$c:
android.support.v4.view.accessibility.AccessibilityNodeProviderCompat$AccessibilityNodeProviderStubImpl -> android.support.v4.view.a.l$d:
android.support.v4.view.accessibility.AccessibilityRecordCompat -> android.support.v4.view.a.m:
    android.support.v4.view.accessibility.AccessibilityRecordCompat$AccessibilityRecordImpl IMPL -> a
    java.lang.Object mRecord -> b
    android.support.v4.view.accessibility.AccessibilityRecordCompat obtain() -> a
    void setFromIndex(int) -> a
    void setScrollable(boolean) -> a
    void setItemCount(int) -> b
    void setMaxScrollX(int) -> c
    void setMaxScrollY(int) -> d
    void setScrollX(int) -> e
    void setScrollY(int) -> f
    void setToIndex(int) -> g
android.support.v4.view.accessibility.AccessibilityRecordCompat$AccessibilityRecordIcsImpl -> android.support.v4.view.a.m$a:
    java.lang.Object obtain() -> a
    void setItemCount(java.lang.Object,int) -> a
    void setScrollable(java.lang.Object,boolean) -> a
    void setToIndex(java.lang.Object,int) -> c
    void setFromIndex(java.lang.Object,int) -> e
    void setScrollY(java.lang.Object,int) -> f
    void setScrollX(java.lang.Object,int) -> g
android.support.v4.view.accessibility.AccessibilityRecordCompat$AccessibilityRecordIcsMr1Impl -> android.support.v4.view.a.m$b:
    void setMaxScrollY(java.lang.Object,int) -> b
    void setMaxScrollX(java.lang.Object,int) -> d
android.support.v4.view.accessibility.AccessibilityRecordCompat$AccessibilityRecordImpl -> android.support.v4.view.a.m$c:
    java.lang.Object obtain() -> a
    void setItemCount(java.lang.Object,int) -> a
    void setScrollable(java.lang.Object,boolean) -> a
    void setMaxScrollY(java.lang.Object,int) -> b
    void setToIndex(java.lang.Object,int) -> c
    void setMaxScrollX(java.lang.Object,int) -> d
    void setFromIndex(java.lang.Object,int) -> e
    void setScrollY(java.lang.Object,int) -> f
    void setScrollX(java.lang.Object,int) -> g