app/unused.txt
android.support.v4.text.BidiFormatter$DirectionalityEstimator
android.support.v4.app.FragmentHostCallback
    public void <init>(android.content.Context,android.os.Handler,int)
    public void onStartActivityFromFragment(android.support.v4.app.Fragment,android.content.Intent,int)
    public android.view.View onFindViewById(int)
    public boolean onHasView()
    void doLoaderRetain()
android.support.multidex.MultiDex$V19
    private void <init>()
android.support.v7.widget.ThemeUtils
    void <init>()
    public static android.content.res.ColorStateList createDisabledStateList(int,int)
io.reactivex.internal.operators.observable.ObservableZip
android.support.v4.app.ActivityCompat
    public void <init>()
    public static boolean invalidateOptionsMenu(android.app.Activity)
    public static void startActivity(android.app.Activity,android.content.Intent,android.os.Bundle)
    public android.net.Uri getReferrer(android.app.Activity)
com.jaeger.library.R$style
rx.Single$12
io.reactivex.internal.operators.flowable.FlowableTake$TakeSubscriber
android.support.v4.os.CancellationSignal
android.support.annotation.AnyThread
io.reactivex.internal.functions.Functions$OnErrorMissingConsumer
io.reactivex.internal.operators.flowable.FlowableWithLatestFromMany$WithLatestInnerSubscriber
android.support.v4.app.ActionBarDrawerToggleHoneycomb
io.reactivex.internal.operators.observable.ObservableRepeatUntil$RepeatUntilObserver
rx.internal.operators.OperatorTimeInterval$1
android.support.v4.hardware.fingerprint.FingerprintManagerCompatApi23$AuthenticationResultInternal
io.reactivex.internal.operators.observable.ObservableInternalHelper$SimpleBiGenerator
com.bumptech.glide.util.Util
    private void <init>()
    public static java.lang.String sha1BytesToHex(byte[])
    public static int getSize(android.graphics.Bitmap)
com.google.gson.internal.LinkedHashTreeMap$LinkedTreeMapIterator
io.reactivex.internal.operators.observable.ObservableOnErrorNext
bolts.BoltsExecutors
    static java.util.concurrent.ScheduledExecutorService scheduled()
android.support.v4.view.accessibility.AccessibilityWindowInfoCompat$AccessibilityWindowInfoApi24Impl
com.dueeeke.videoplayer.util.PlayerConstants
    public void <init>()
android.support.v4.app.ActionBarDrawerToggle$ActionBarDrawerToggleImplJellybeanMR2
rx.Single$6
io.reactivex.internal.operators.parallel.ParallelPeek$ParallelPeekSubscriber
retrofit2.Utils
    private void <init>()
io.reactivex.internal.operators.observable.ObservableInternalHelper$ObserverOnNext
io.reactivex.functions.IntFunction
android.support.v7.widget.ActionMenuView
    private static final java.lang.String TAG
    static final int MIN_CELL_SIZE
    static final int GENERATED_ITEM_PADDING
io.reactivex.internal.subscriptions.BooleanSubscription
io.reactivex.internal.operators.completable.CompletableCache$InnerCompletableCache
rx.functions.Functions$4
io.reactivex.internal.subscribers.BasicFuseableConditionalSubscriber
io.reactivex.internal.operators.observable.ObservableRefCount$DisposeTask
io.reactivex.internal.operators.observable.ObservableZip$ZipObserver
android.support.v4.view.accessibility.AccessibilityManagerCompatKitKat$TouchExplorationStateChangeListenerBridge
android.support.v4.media.MediaBrowserServiceCompat$MediaBrowserServiceImplApi21$2
android.support.v7.widget.AppCompatEditText
    public void <init>(android.content.Context)
android.support.v4.app.NotificationCompatApi23
retrofit2.ExecutorCallAdapterFactory$ExecutorCallbackCall$1$1
android.support.v4.media.MediaBrowserCompat$SubscriptionCallback$StubApi21
com.bumptech.glide.load.model.stream.MediaStoreStreamLoader
android.support.v4.app.NotificationManagerCompat$Impl
rx.internal.operators.OperatorDoOnEach
io.reactivex.internal.fuseable.HasUpstreamSingleSource
android.support.v4.net.TrafficStatsCompat$BaseTrafficStatsCompatImpl
io.reactivex.flowables.ConnectableFlowable
io.reactivex.internal.operators.parallel.ParallelJoin$JoinSubscription